<?xml version="1.0" encoding="UTF-8"?>
<!-- Generated by org.testng.reporters.JUnitXMLReporter -->
<testsuite hostname="DESKTOP-9L95BL6" ignored="0" name="Test" tests="8" failures="2" timestamp="04 Jul 2021 12:31:52 GMT" time="0.149" errors="0">
  <testcase name="test1" time="0.039" classname="TestNgClass.Day14Assert1"/>
  <testcase name="test2" time="0.003" classname="TestNgClass.Day14Assert1">
    <skipped/>
  </testcase> <!-- test2 -->
  <testcase name="test2" time="0.001" classname="TestNgClass.Day14Assert1">
    <skipped/>
  </testcase> <!-- test2 -->
  <testcase name="test2" time="0.002" classname="TestNgClass.Day14Assert1">
    <failure type="java.lang.AssertionError" message="expected [true] but found [false]">
      <![CDATA[java.lang.AssertionError: expected [true] but found [false]
at TestNgClass.Day14Assert1.test2(Day14Assert1.java:20)
... Removed 29 stack frames]]>
    </failure>
  </testcase> <!-- test2 -->
  <testcase name="test3" time="0.002" classname="TestNgClass.Day14Assert1">
    <skipped/>
  </testcase> <!-- test3 -->
  <testcase name="test3" time="0.002" classname="TestNgClass.Day14Assert1">
    <skipped/>
  </testcase> <!-- test3 -->
  <testcase name="test3" time="0.003" classname="TestNgClass.Day14Assert1">
    <failure type="java.lang.AssertionError" message="expected [true] but found [false]">
      <![CDATA[java.lang.AssertionError: expected [true] but found [false]
at TestNgClass.Day14Assert1.test3(Day14Assert1.java:29)
... Removed 29 stack frames]]>
    </failure>
  </testcase> <!-- test3 -->
  <testcase name="test4" time="0.002" classname="TestNgClass.Day14Assert1"/>
</testsuite> <!-- Test -->
